{
  "RSpec": {
    "coverage": {
      "/Users/shahid/Downloads/workspace/File Sharing/new-rapid-share/rapid-share-assignment/app/helpers/application_helper.rb": {
        "lines": [
          1,
          null
        ]
      },
      "/Users/shahid/Downloads/workspace/File Sharing/new-rapid-share/rapid-share-assignment/app/helpers/documents_helper.rb": {
        "lines": [
          1,
          null
        ]
      },
      "/Users/shahid/Downloads/workspace/File Sharing/new-rapid-share/rapid-share-assignment/app/helpers/sessions_helper.rb": {
        "lines": [
          1,
          null
        ]
      },
      "/Users/shahid/Downloads/workspace/File Sharing/new-rapid-share/rapid-share-assignment/app/helpers/users_helper.rb": {
        "lines": [
          1,
          1,
          12,
          null,
          null,
          1,
          0,
          null,
          null
        ]
      },
      "/Users/shahid/Downloads/workspace/File Sharing/new-rapid-share/rapid-share-assignment/app/controllers/documents_controller.rb": {
        "lines": [
          null,
          1,
          1,
          null,
          1,
          null,
          1,
          2,
          null,
          null,
          1,
          2,
          null,
          null,
          1,
          3,
          3,
          null,
          3,
          3,
          3,
          3,
          3,
          null,
          0,
          0,
          null,
          null,
          null,
          1,
          2,
          1,
          1,
          1,
          null,
          null,
          1,
          1,
          null,
          null,
          null,
          1,
          1,
          1,
          1,
          1,
          null,
          null,
          null,
          1,
          0,
          0,
          0,
          0,
          0,
          null,
          0,
          null,
          null,
          0,
          null,
          0,
          null,
          null,
          1,
          2,
          2,
          null,
          null
        ]
      },
      "/Users/shahid/Downloads/workspace/File Sharing/new-rapid-share/rapid-share-assignment/app/controllers/application_controller.rb": {
        "lines": [
          null,
          1,
          1,
          1,
          null,
          1,
          16,
          null,
          null,
          1,
          6,
          null,
          null,
          1,
          3,
          null,
          null
        ]
      },
      "/Users/shahid/Downloads/workspace/File Sharing/new-rapid-share/rapid-share-assignment/app/controllers/sessions_controller.rb": {
        "lines": [
          null,
          1,
          null,
          1,
          null,
          1,
          null,
          null,
          1,
          4,
          4,
          4,
          4,
          2,
          2,
          null,
          2,
          2,
          null,
          null,
          null,
          1,
          2,
          2,
          null,
          null
        ]
      },
      "/Users/shahid/Downloads/workspace/File Sharing/new-rapid-share/rapid-share-assignment/app/controllers/users_controller.rb": {
        "lines": [
          null,
          1,
          null,
          1,
          1,
          2,
          null,
          null,
          1,
          2,
          null,
          null,
          1,
          7,
          7,
          7,
          7,
          7,
          3,
          3,
          3,
          null,
          4,
          4,
          null,
          null,
          null,
          1,
          3,
          3,
          null,
          0,
          null,
          3,
          null,
          null,
          1,
          2,
          null,
          null,
          1,
          6,
          6,
          6,
          3,
          3,
          null,
          3,
          3,
          null,
          null,
          null,
          null,
          null,
          null,
          1,
          6,
          null
        ]
      },
      "/Users/shahid/Downloads/workspace/File Sharing/new-rapid-share/rapid-share-assignment/app/models/document.rb": {
        "lines": [
          1,
          1,
          null,
          1,
          null,
          1,
          null,
          1,
          1,
          1,
          null,
          1,
          1,
          1,
          1,
          null,
          null,
          1,
          10,
          null,
          5,
          null,
          5,
          null,
          null,
          null,
          null,
          null,
          5,
          null,
          5,
          null,
          5,
          5,
          5,
          null,
          null,
          null,
          1,
          6,
          5,
          5,
          5,
          5,
          null,
          5,
          null,
          null,
          null,
          1,
          0,
          null,
          null
        ]
      },
      "/Users/shahid/Downloads/workspace/File Sharing/new-rapid-share/rapid-share-assignment/app/models/application_record.rb": {
        "lines": [
          1,
          1,
          null
        ]
      },
      "/Users/shahid/Downloads/workspace/File Sharing/new-rapid-share/rapid-share-assignment/app/models/user.rb": {
        "lines": [
          1,
          1,
          1,
          null,
          1,
          1,
          null,
          null
        ]
      },
      "/Users/shahid/Downloads/workspace/File Sharing/new-rapid-share/rapid-share-assignment/app/jobs/application_job.rb": {
        "lines": [
          0,
          null,
          null,
          null,
          null,
          null,
          0
        ],
        "branches": {
        }
      },
      "/Users/shahid/Downloads/workspace/File Sharing/new-rapid-share/rapid-share-assignment/app/channels/application_cable/connection.rb": {
        "lines": [
          0,
          0,
          0,
          0
        ],
        "branches": {
        }
      },
      "/Users/shahid/Downloads/workspace/File Sharing/new-rapid-share/rapid-share-assignment/app/channels/application_cable/channel.rb": {
        "lines": [
          0,
          0,
          0,
          0
        ],
        "branches": {
        }
      }
    },
    "timestamp": 1685994681
  }
}
